<?xml version="1.0" encoding="utf-8"?><testsuites name="pytest tests"><testsuite name="pytest" errors="0" failures="0" skipped="0" tests="12" time="10.012" timestamp="2026-08-04T21:28:40.801329+00:00" hostname="agent-env-1b961ee7-bc71-4e99-9746-998b20f81c31"><testcase classname="tests.test_admin_kick.TestDeleteUser" name="test_cannot_delete_last_admin" time="0.733" /><testcase classname="tests.test_admin_kick.TestListUsers" name="test_admin_lists_users" time="0.731" /><testcase classname="tests.test_admin_kick.TestListUsers" name="test_player_cannot_list_users" time="1.256" /><testcase classname="tests.test_admin_kick.TestDeleteUser" name="test_delete_player_cascades" time="1.310" /><testcase classname="tests.test_admin_kick.TestTiketKick" name="test_full_flow" time="1.955" /><testcase classname="tests.test_admin_kick.TestBonusKickAndPicksAdmin" name="test_picks_admin_requires_admin_and_returns_shape" time="1.638" /><testcase classname="tests.test_admin_kick.TestBonusKickAndPicksAdmin" name="test_kick_bonus_flow" time="2.757" /><testcase classname="tests.test_admin_kick.TestTiketKick" name="test_player_cannot_kick" time="1.388" /><testcase classname="tests.test_admin_kick.TestAdminPromote" name="test_promote_creates_admin_and_login_works" time="0.945" /><testcase classname="tests.test_admin_kick.TestFgKick" name="test_full_flow" time="1.740" /><testcase classname="tests.test_admin_kick.TestSurvivalKick" name="test_full_flow" time="1.661" /><testcase classname="tests.test_admin_kick.TestSalKick" name="test_full_flow" time="1.589" /></testsuite></testsuites>