<?xml version="1.0" encoding="utf-8"?><testsuites name="pytest tests"><testsuite name="pytest" errors="0" failures="0" skipped="0" tests="14" time="6.796" timestamp="2026-07-31T13:05:04.940905+00:00" hostname="agent-env-1b961ee7-bc71-4e99-9746-998b20f81c31"><testcase classname="tests.test_deadline.TestPatchInvalidDeadline" name="test_invalid_string_returns_400" time="0.835" /><testcase classname="tests.test_deadline.TestPatchOtherFields" name="test_patch_name_only" time="0.904" /><testcase classname="tests.test_deadline.TestPatchInvalidDeadline" name="test_invalid_partial_date_returns_400" time="0.328" /><testcase classname="tests.test_deadline.TestPatchOtherFields" name="test_patch_matchday_max_events_color" time="0.306" /><testcase classname="tests.test_deadline.TestGetExposesFields" name="test_fresh_room_exposes_fields" time="0.478" /><testcase classname="tests.test_deadline.TestPatchAuth" name="test_non_admin_gets_403" time="1.154" /><testcase classname="tests.test_deadline.TestGetExposesFields" name="test_room_with_deadline_exposes_fields" time="0.590" /><testcase classname="tests.test_deadline.TestPatchClearDeadline" name="test_empty_string_unsets_deadline" time="0.495" /><testcase classname="tests.test_deadline.TestPatchAuth" name="test_no_auth_gets_401_or_403" time="0.396" /><testcase classname="tests.test_deadline.TestPatchFutureDeadline" name="test_patch_future_deadline_saves_and_not_locked" time="0.634" /><testcase classname="tests.test_deadline.TestPastDeadlineLocks" name="test_past_deadline_locks_and_ocr_confirm_return_403" time="1.788" /><testcase classname="tests.test_deadline.TestFreshRoomNoDeadline" name="test_new_room_has_null_deadline_and_schedine_work" time="1.948" /><testcase classname="tests.test_deadline.TestFutureDeadlineAllows" name="test_future_deadline_ocr_and_confirm_work" time="1.931" /><testcase classname="tests.test_deadline.TestDeadlinePreservation" name="test_patching_name_preserves_deadline" time="1.012" /></testsuite></testsuites>