<?xml version="1.0" encoding="utf-8"?><testsuites name="pytest tests"><testsuite name="pytest" errors="0" failures="2" skipped="0" tests="16" time="68.527" timestamp="2026-08-07T08:44:54.727579+00:00" hostname="agent-env-1b961ee7-bc71-4e99-9746-998b20f81c31"><testcase classname="tests.test_delete_trash_functions.TestT7DeleteUserCascade" name="test_cascade_delete_player" time="1.238" /><testcase classname="tests.test_delete_trash_functions.TestT1DeleteRoom" name="test_create_and_delete_empty_room" time="1.100" /><testcase classname="tests.test_delete_trash_functions.TestT2DeleteSurvival" name="test_create_and_delete" time="0.473" /><testcase classname="tests.test_delete_trash_functions.TestT7DeleteUserCascade" name="test_cannot_delete_last_admin" time="0.272" /><testcase classname="tests.test_delete_trash_functions.TestT7DeleteUserCascade" name="test_last_admin_guard_when_targeting_promoted_admin" time="0.438" /><testcase classname="tests.test_delete_trash_functions.TestT3DeleteSalEmpty" name="test_delete_empty_sal_tournament" time="0.369" /><testcase classname="tests.test_delete_trash_functions.TestT6DeleteBonusConfig" name="test_delete_open_and_settled" time="0.198"><failure message="AssertionError: {&quot;detail&quot;:&quot;Big Match richiesto per bonus 'exact_score'&quot;}&#10;assert 400 == 200&#10; +  where 400 = &lt;Response [400]&gt;.status_code">backend/tests/test_delete_trash_functions.py:326: in test_delete_open_and_settled
    settled_cfg = self._create(
backend/tests/test_delete_trash_functions.py:321: in _create
    assert r.status_code == 200, r.text
E   AssertionError: {"detail":"Big Match richiesto per bonus 'exact_score'"}
E   assert 400 == 200
E    +  where 400 = &lt;Response [400]&gt;.status_code</failure></testcase><testcase classname="tests.test_delete_trash_functions.TestT4DeleteSalWithPicksForce" name="test_safety_guard_and_force" time="0.844" /><testcase classname="tests.test_delete_trash_functions.TestT8KickTiket" name="test_kick_room" time="1.006" /><testcase classname="tests.test_delete_trash_functions.TestT5DeleteFgLeague" name="test_create_and_delete" time="0.340" /><testcase classname="tests.test_delete_trash_functions.TestT9KickSurvival" name="test_kick_sv" time="46.171" /><testcase classname="tests.test_delete_trash_functions.TestT10KickSal" name="test_kick_sal" time="57.518" /><testcase classname="tests.test_delete_trash_functions.TestT11KickFg" name="test_kick_fg" time="13.232" /><testcase classname="tests.test_delete_trash_functions.TestT13DeleteCalendarFixture" name="test_delete_single_fixture" time="3.487" /><testcase classname="tests.test_delete_trash_functions.TestT12KickBonus" name="test_kick_non_settled_and_reject_settled" time="4.274"><failure message="AssertionError: {&quot;detail&quot;:&quot;Il giocatore non ha fatto pronostici per questo bonus&quot;}&#10;assert 404 == 200&#10; +  where 404 = &lt;Response [404]&gt;.status_code">backend/tests/test_delete_trash_functions.py:594: in test_kick_non_settled_and_reject_settled
    assert kr.status_code == 200, kr.text
E   AssertionError: {"detail":"Il giocatore non ha fatto pronostici per questo bonus"}
E   assert 404 == 200
E    +  where 404 = &lt;Response [404]&gt;.status_code</failure></testcase><testcase classname="tests.test_delete_trash_functions.TestT14FinalCleanup" name="test_sweep_test_prefixed_leftovers" time="1.268" /></testsuite></testsuites>