<?xml version="1.0" encoding="utf-8"?><testsuites name="pytest tests"><testsuite name="pytest" errors="0" failures="0" skipped="0" tests="8" time="2.152" timestamp="2026-08-05T22:01:30.872388+00:00" hostname="agent-env-1b961ee7-bc71-4e99-9746-998b20f81c31"><testcase classname="tests.test_has_submitted_current.TestFantaGiornataHasSubmitted" name="test_get_league_returns_current_matchday_number" time="0.783" /><testcase classname="tests.test_has_submitted_current.TestSurvivalHasSubmitted" name="test_leaderboard_returns_has_submitted_current_flag" time="1.081" /><testcase classname="tests.test_has_submitted_current.TestFantaGiornataHasSubmitted" name="test_all_four_members_have_submitted_current_true" time="0.206" /><testcase classname="tests.test_has_submitted_current.TestScoreAndLiveHasSubmitted" name="test_get_tournament_returns_has_submitted_for_all_participants" time="0.141" /><testcase classname="tests.test_has_submitted_current.TestSurvivalHasSubmitted" name="test_leaderboard_current_matchday_no_picks_all_false" time="0.137" /><testcase classname="tests.test_has_submitted_current.TestScoreAndLiveHasSubmitted" name="test_sal_only_verone_and_andr97_have_submitted" time="0.214" /><testcase classname="tests.test_has_submitted_current.TestFantaGiornataEdgeCases" name="test_empty_league_current_matchday_number_is_1" time="0.353" /><testcase classname="tests.test_has_submitted_current.TestFantaGiornataEdgeCases" name="test_empty_league_no_members_submitted" time="0.257" /></testsuite></testsuites>