<?xml version="1.0" encoding="utf-8"?><testsuites name="pytest tests"><testsuite name="pytest" errors="0" failures="0" skipped="0" tests="9" time="4.291" timestamp="2026-07-31T10:28:41.721470+00:00" hostname="agent-env-1b961ee7-bc71-4e99-9746-998b20f81c31"><testcase classname="tests.test_invite_flow.TestInvitePreview" name="test_preview_public_no_auth" time="0.618" /><testcase classname="tests.test_invite_flow.TestInvitePreview" name="test_preview_lowercase_code_still_works" time="0.132" /><testcase classname="tests.test_invite_flow.TestInvitePreview" name="test_preview_invalid_code_returns_404" time="0.090" /><testcase classname="tests.test_invite_flow.TestInvitePreview" name="test_preview_does_not_leak_sensitive_fields" time="0.115" /><testcase classname="tests.test_invite_flow.TestInviteFullFlow" name="test_admin_creates_room_player_registers_and_joins" time="0.680" /><testcase classname="tests.test_invite_flow.TestResetPlayerPassword" name="test_admin_can_reset_player_password_and_player_can_login" time="1.353" /><testcase classname="tests.test_invite_flow.TestResetPlayerPassword" name="test_reset_password_unknown_user_returns_404" time="0.088" /><testcase classname="tests.test_invite_flow.TestResetPlayerPassword" name="test_reset_password_requires_admin" time="0.813" /><testcase classname="tests.test_invite_flow.TestDeleteRoom" name="test_delete_room_endpoint_works" time="0.385" /></testsuite></testsuites>