<?xml version="1.0" encoding="utf-8"?><testsuites name="pytest tests"><testsuite name="pytest" errors="0" failures="0" skipped="0" tests="6" time="26.964" timestamp="2026-08-03T17:56:35.063739+00:00" hostname="agent-env-1b961ee7-bc71-4e99-9746-998b20f81c31"><testcase classname="tests.test_multi_entry.TestInviteRejection" name="test_invalid_code_404" time="1.108" /><testcase classname="tests.test_multi_entry.TestInviteRejection" name="test_revoked_invite_410" time="1.233" /><testcase classname="tests.test_multi_entry.TestMultiEntry" name="test_two_invites_yield_two_memberships" time="3.192" /><testcase classname="tests.test_multi_entry.TestSchedinaPerSlot" name="test_schedina_per_slot_flow" time="23.251" /><testcase classname="tests.test_multi_entry.TestSingleSlotBackwardsCompat" name="test_single_slot_auto_selected" time="16.798" /><testcase classname="tests.test_multi_entry.TestInviteAntiDoubleBurn" name="test_reusing_own_claimed_invite_is_idempotent" time="1.036" /></testsuite></testsuites>