<?xml version="1.0" encoding="utf-8"?><testsuites name="pytest tests"><testsuite name="pytest" errors="0" failures="0" skipped="0" tests="11" time="8.894" timestamp="2026-07-31T14:08:23.599701+00:00" hostname="agent-env-1b961ee7-bc71-4e99-9746-998b20f81c31"><testcase classname="tests.test_on_behalf_of.TestAdminUploadOnBehalfOf" name="test_admin_ocr_saves_schedina_under_player_id" time="2.241" /><testcase classname="tests.test_on_behalf_of.TestRegressionOcrWithoutOnBehalfOf" name="test_admin_ocr_no_on_behalf_of_still_works" time="1.697" /><testcase classname="tests.test_on_behalf_of.TestRegressionOcrWithoutOnBehalfOf" name="test_player_ocr_no_on_behalf_of_still_works" time="1.295" /><testcase classname="tests.test_on_behalf_of.TestOnBehalfOfNotMember" name="test_non_member_returns_400" time="0.984" /><testcase classname="tests.test_on_behalf_of.TestAdminFullRoundTripOnBehalfOf" name="test_admin_ocr_confirm_get_all_work" time="1.678" /><testcase classname="tests.test_on_behalf_of.TestPlayerCannotActOnBehalfOfOtherPlayer" name="test_player_ocr_on_behalf_of_other_returns_403" time="2.430" /><testcase classname="tests.test_on_behalf_of.TestOnBehalfOfSelf" name="test_admin_on_behalf_of_self_equivalent_to_no_param" time="0.707" /><testcase classname="tests.test_on_behalf_of.TestOnBehalfOfUnknownUser" name="test_unknown_user_returns_404" time="0.369" /><testcase classname="tests.test_on_behalf_of.TestPlayerConfirmsAdminUploadedDraft" name="test_player_can_confirm_draft_uploaded_by_admin" time="1.495" /><testcase classname="tests.test_on_behalf_of.TestPlayerGetOnBehalfOfOtherPlayer" name="test_player_get_schedina_of_other_player_returns_403" time="2.309" /><testcase classname="tests.test_on_behalf_of.TestUploadedByAuditField" name="test_admin_upload_for_player_stores_uploaded_by" time="1.287" /></testsuite></testsuites>