<?xml version="1.0" encoding="utf-8"?><testsuites name="pytest tests"><testsuite name="pytest" errors="0" failures="0" skipped="0" tests="11" time="46.697" timestamp="2026-08-03T18:11:16.359055+00:00" hostname="agent-env-1b961ee7-bc71-4e99-9746-998b20f81c31"><testcase classname="tests.test_on_behalf_of.TestRegressionOcrWithoutOnBehalfOf" name="test_admin_ocr_no_on_behalf_of_still_works" time="10.139" /><testcase classname="tests.test_on_behalf_of.TestAdminUploadOnBehalfOf" name="test_admin_ocr_saves_schedina_under_player_id" time="11.282" /><testcase classname="tests.test_on_behalf_of.TestRegressionOcrWithoutOnBehalfOf" name="test_player_ocr_no_on_behalf_of_still_works" time="10.505" /><testcase classname="tests.test_on_behalf_of.TestOnBehalfOfNotMember" name="test_non_member_returns_400" time="1.154" /><testcase classname="tests.test_on_behalf_of.TestAdminFullRoundTripOnBehalfOf" name="test_admin_ocr_confirm_get_all_work" time="9.396" /><testcase classname="tests.test_on_behalf_of.TestPlayerCannotActOnBehalfOfOtherPlayer" name="test_player_ocr_on_behalf_of_other_returns_403" time="2.143" /><testcase classname="tests.test_on_behalf_of.TestPlayerConfirmsAdminUploadedDraft" name="test_player_can_confirm_draft_uploaded_by_admin" time="11.309" /><testcase classname="tests.test_on_behalf_of.TestOnBehalfOfUnknownUser" name="test_unknown_user_returns_404" time="0.433" /><testcase classname="tests.test_on_behalf_of.TestOnBehalfOfSelf" name="test_admin_on_behalf_of_self_equivalent_to_no_param" time="13.954" /><testcase classname="tests.test_on_behalf_of.TestPlayerGetOnBehalfOfOtherPlayer" name="test_player_get_schedina_of_other_player_returns_403" time="1.746" /><testcase classname="tests.test_on_behalf_of.TestUploadedByAuditField" name="test_admin_upload_for_player_stores_uploaded_by" time="9.220" /></testsuite></testsuites>