<?xml version="1.0" encoding="utf-8"?><testsuites name="pytest tests"><testsuite name="pytest" errors="0" failures="0" skipped="0" tests="19" time="9.311" timestamp="2026-07-31T12:33:51.733582+00:00" hostname="agent-env-1b961ee7-bc71-4e99-9746-998b20f81c31"><testcase classname="tests.test_one_shot_invites.TestListInvites" name="test_list_invites_returns_auto_generated_first_invite" time="0.895" /><testcase classname="tests.test_one_shot_invites.TestPreviewByCode" name="test_preview_valid_code_no_auth" time="0.922" /><testcase classname="tests.test_one_shot_invites.TestPreviewByCode" name="test_preview_invalid_code_returns_404" time="0.160" /><testcase classname="tests.test_one_shot_invites.TestListInvites" name="test_list_invites_requires_admin" time="0.945" /><testcase classname="tests.test_one_shot_invites.TestPreviewByCode" name="test_preview_used_code_returns_410_with_used_detail" time="0.990" /><testcase classname="tests.test_one_shot_invites.TestListInvites" name="test_list_invites_unknown_room_returns_404" time="0.097" /><testcase classname="tests.test_one_shot_invites.TestRevokeInvite" name="test_revoke_unused_invite_ok" time="0.582" /><testcase classname="tests.test_one_shot_invites.TestCreateInvite" name="test_create_invite_returns_fresh_single_use_code" time="0.492" /><testcase classname="tests.test_one_shot_invites.TestRevokeInvite" name="test_revoke_used_invite_returns_400" time="1.104" /><testcase classname="tests.test_one_shot_invites.TestCreateInvite" name="test_create_invite_requires_admin" time="0.937" /><testcase classname="tests.test_one_shot_invites.TestJoinConsumesInviteOneShot" name="test_first_user_joins_second_user_gets_410" time="1.450" /><testcase classname="tests.test_one_shot_invites.TestRevokeInvite" name="test_revoke_requires_admin" time="1.653" /><testcase classname="tests.test_one_shot_invites.TestJoinConsumesInviteOneShot" name="test_invalid_code_join_returns_404" time="0.936" /><testcase classname="tests.test_one_shot_invites.TestGetRoomInviteStats" name="test_get_room_includes_invite_stats" time="0.444" /><testcase classname="tests.test_one_shot_invites.TestGetRoomInviteStats" name="test_stats_update_after_create_use_and_revoke" time="1.492" /><testcase classname="tests.test_one_shot_invites.TestCreateRoomReturnsInviteStats" name="test_create_room_returns_invites_available_and_total_equal_one" time="0.231" /><testcase classname="tests.test_one_shot_invites.TestJoinIdempotenceSameUser" name="test_same_user_retry_returns_200" time="1.022" /><testcase classname="tests.test_one_shot_invites.TestPreviewRevoked" name="test_preview_of_revoked_returns_410_revocat" time="0.507" /><testcase classname="tests.test_one_shot_invites.TestRaceCondition" name="test_concurrent_joins_only_one_wins" time="1.254" /></testsuite></testsuites>