<?xml version="1.0" encoding="utf-8"?><testsuites name="pytest tests"><testsuite name="pytest" errors="0" failures="0" skipped="0" tests="30" time="3.620" timestamp="2026-07-31T06:51:55.345138+00:00" hostname="agent-env-1b961ee7-bc71-4e99-9746-998b20f81c31"><testcase classname="tests.test_schedinabar.TestRoomCreate" name="test_create_room_success" time="0.174" /><testcase classname="tests.test_schedinabar.TestSchedina" name="test_ocr_returns_200" time="0.485" /><testcase classname="tests.test_schedinabar.TestRoomCreate" name="test_create_room_name_too_short" time="0.309" /><testcase classname="tests.test_schedinabar.TestRoomCreate" name="test_create_room_matchday_out_of_range" time="0.162" /><testcase classname="tests.test_schedinabar.TestSchedina" name="test_ocr_bad_base64" time="0.042" /><testcase classname="tests.test_schedinabar.TestSchedina" name="test_confirm_valid" time="0.043" /><testcase classname="tests.test_schedinabar.TestSchedina" name="test_confirm_too_many_events" time="0.041" /><testcase classname="tests.test_schedinabar.TestSchedina" name="test_confirm_invalid_prediction" time="0.042" /><testcase classname="tests.test_schedinabar.TestRoomCreate" name="test_create_room_max_events_out_of_range" time="0.162" /><testcase classname="tests.test_schedinabar.TestSchedina" name="test_prediction_case_insensitive_variants" time="0.090" /><testcase classname="tests.test_schedinabar.TestSchedina" name="test_members_submitted_flag_true_after_confirm" time="0.041" /><testcase classname="tests.test_schedinabar.TestRoomAccess" name="test_get_room_ok" time="0.150" /><testcase classname="tests.test_schedinabar.TestRoomJoin" name="test_join_success" time="0.129" /><testcase classname="tests.test_schedinabar.TestRoomJoin" name="test_join_bad_code" time="0.046" /><testcase classname="tests.test_schedinabar.TestRoomAccess" name="test_get_room_no_auth_401" time="0.124" /><testcase classname="tests.test_schedinabar.TestRoomJoin" name="test_join_duplicate_nickname_case_insensitive" time="0.087" /><testcase classname="tests.test_schedinabar.TestRoomAccess" name="test_get_room_cross_room_403" time="0.127" /><testcase classname="tests.test_schedinabar.TestRoomJoin" name="test_join_same_nickname_different_rooms" time="0.208" /><testcase classname="tests.test_schedinabar.TestRoomAccess" name="test_members_list" time="0.085" /><testcase classname="tests.test_schedinabar.TestFixtures" name="test_admin_sets_fixtures" time="0.175" /><testcase classname="tests.test_schedinabar.TestFixtures" name="test_non_admin_forbidden" time="0.042" /><testcase classname="tests.test_schedinabar.TestLeaderboard" name="test_leaderboard_no_fixtures_yet" time="0.216" /><testcase classname="tests.test_schedinabar.TestFixtures" name="test_fixtures_no_auth_401" time="0.163" /><testcase classname="tests.test_schedinabar.TestLeaderboard" name="test_full_scoring_flow" time="0.255" /><testcase classname="tests.test_schedinabar.TestUnitLogic" name="test_team_match_removes_suffix" time="0.000" /><testcase classname="tests.test_schedinabar.TestUnitLogic" name="test_prediction_evaluation_matrix" time="0.000" /><testcase classname="tests.test_schedinabar.TestSecurity" name="test_endpoints_require_auth" time="0.498" /><testcase classname="tests.test_schedinabar.TestLeaderboard" name="test_leaderboard_breakdown_structure" time="0.042" /><testcase classname="tests.test_schedinabar.TestLeaderboard" name="test_leaderboard_breakdown_before_results" time="0.211" /><testcase classname="tests.test_schedinabar.TestSecurity" name="test_cross_room_token_forbidden" time="0.474" /></testsuite></testsuites>