<?xml version="1.0" encoding="utf-8"?><testsuites name="pytest tests"><testsuite name="pytest" errors="0" failures="0" skipped="0" tests="52" time="5.857" timestamp="2026-07-29T12:31:05.613606+00:00" hostname="agent-env-1b961ee7-bc71-4e99-9746-998b20f81c31"><testcase classname="tests.test_fantagiornata.TestHealthAndAuth" name="test_root" time="0.119" /><testcase classname="tests.test_fantagiornata.TestLeagueFullFlow" name="test_01_create_league" time="0.586" /><testcase classname="tests.test_fantagiornata.TestHealthAndAuth" name="test_register_duplicate_email_returns_409" time="0.500" /><testcase classname="tests.test_fantagiornata.TestHealthAndAuth" name="test_login_admin" time="0.457" /><testcase classname="tests.test_fantagiornata.TestLeagueFullFlow" name="test_02_join_league_user2" time="0.492" /><testcase classname="tests.test_fantagiornata.TestHealthAndAuth" name="test_login_new_user" time="0.269" /><testcase classname="tests.test_fantagiornata.TestLeagueFullFlow" name="test_03_join_wrong_code" time="0.046" /><testcase classname="tests.test_fantagiornata.TestLeagueFullFlow" name="test_04_list_leagues_user1" time="0.225" /><testcase classname="tests.test_fantagiornata.TestHealthAndAuth" name="test_login_wrong_password" time="0.267" /><testcase classname="tests.test_fantagiornata.TestLeagueFullFlow" name="test_05_list_leagues_user2" time="0.267" /><testcase classname="tests.test_fantagiornata.TestHealthAndAuth" name="test_me_with_valid_token" time="0.046" /><testcase classname="tests.test_fantagiornata.TestLeagueFullFlow" name="test_06_get_league_members" time="0.134" /><testcase classname="tests.test_fantagiornata.TestHealthAndAuth" name="test_me_missing_token" time="0.139" /><testcase classname="tests.test_fantagiornata.TestHealthAndAuth" name="test_me_invalid_token" time="0.276" /><testcase classname="tests.test_fantagiornata.TestLeagueFullFlow" name="test_07_get_league_non_member_403" time="0.372" /><testcase classname="tests.test_fantagiornata.TestPlayersAndTeams" name="test_teams_returns_20" time="0.511" /><testcase classname="tests.test_fantagiornata.TestLeagueFullFlow" name="test_08_fetch_player_ids" time="0.522" /><testcase classname="tests.test_fantagiornata.TestPlayersAndTeams" name="test_players_list_count" time="0.049" /><testcase classname="tests.test_fantagiornata.TestPlayersAndTeams" name="test_players_filter_role_p" time="0.042" /><testcase classname="tests.test_fantagiornata.TestLeagueFullFlow" name="test_09_submit_lineup_user1" time="0.131" /><testcase classname="tests.test_fantagiornata.TestPlayersAndTeams" name="test_players_filter_role_a" time="0.045" /><testcase classname="tests.test_fantagiornata.TestPlayersAndTeams" name="test_players_filter_team_inter" time="0.044" /><testcase classname="tests.test_fantagiornata.TestPlayersAndTeams" name="test_players_filter_q_lautaro" time="0.042" /><testcase classname="tests.test_fantagiornata.TestLeagueFullFlow" name="test_10_submit_lineup_user2" time="0.091" /><testcase classname="tests.test_fantagiornata.TestPlayersAndTeams" name="test_players_requires_auth" time="0.044" /><testcase classname="tests.test_players_sync.TestPlayersSyncEndpoint" name="test_sync_requires_auth" time="0.141" /><testcase classname="tests.test_fantagiornata.TestLeagueFullFlow" name="test_11_lineup_10_players_fails" time="0.053" /><testcase classname="tests.test_fantagiornata.TestLeagueFullFlow" name="test_12_lineup_duplicates_fails" time="0.048" /><testcase classname="tests.test_fantagiornata.TestLeagueFullFlow" name="test_13_lineup_invalid_ids_fails" time="0.090" /><testcase classname="tests.test_players_sync.TestPlayersSyncEndpoint" name="test_sync_invalid_token" time="0.101" /><testcase classname="tests.test_fantagiornata.TestLeagueFullFlow" name="test_14_non_owner_cannot_submit_votes" time="0.089" /><testcase classname="tests.test_players_sync.TestPlayersSyncEndpoint" name="test_sync_dry_run_returns_502_when_upstream_suspended" time="0.675" /><testcase classname="tests.test_fantagiornata.TestLeagueFullFlow" name="test_15_owner_submits_votes_and_formula" time="0.114" /><testcase classname="tests.test_fantagiornata.TestLeagueFullFlow" name="test_16_get_votes_non_member_403" time="0.043" /><testcase classname="tests.test_fantagiornata.TestLeagueFullFlow" name="test_17_results_matchday1" time="0.342" /><testcase classname="tests.test_fantagiornata.TestLeagueFullFlow" name="test_18_leaderboard" time="0.051" /><testcase classname="tests.test_fantagiornata.TestLeagueFullFlow" name="test_19_history" time="0.053" /><testcase classname="tests.test_fantagiornata.TestLeagueFullFlow" name="test_20_non_owner_cannot_advance" time="0.044" /><testcase classname="tests.test_players_sync.TestPlayersSyncEndpoint" name="test_sync_no_dry_run_returns_502_when_upstream_suspended" time="0.659" /><testcase classname="tests.test_fantagiornata.TestLeagueFullFlow" name="test_21_owner_can_advance" time="0.098" /><testcase classname="tests.test_no_id_leak.TestNoIdLeak" name="test_players_no_id" time="0.053" /><testcase classname="tests.test_no_id_leak.TestNoIdLeak" name="test_teams_no_id" time="0.049" /><testcase classname="tests.test_no_id_leak.TestNoIdLeak" name="test_me_no_id" time="0.228" /><testcase classname="tests.test_no_id_leak.TestNoIdLeak" name="test_leagues_flow_no_id" time="0.905" /><testcase classname="tests.test_players_sync.TestPlayersSyncEndpoint" name="test_sync_error_detail_via_internal_backend" time="0.440" /><testcase classname="tests.test_players_sync.TestPlayersSyncEndpoint" name="test_sync_does_not_wipe_seed_data_on_upstream_error" time="0.353" /><testcase classname="tests.test_players_sync.TestPlayersSyncStatus" name="test_status_requires_auth" time="0.193" /><testcase classname="tests.test_players_sync.TestRegressionAfterSyncRefactor" name="test_teams_still_returns_20" time="0.044" /><testcase classname="tests.test_players_sync.TestRegressionAfterSyncRefactor" name="test_players_list_still_ok" time="0.054" /><testcase classname="tests.test_players_sync.TestRegressionAfterSyncRefactor" name="test_me_still_ok" time="0.052" /><testcase classname="tests.test_players_sync.TestPlayersSyncStatus" name="test_status_invalid_token" time="0.099" /><testcase classname="tests.test_players_sync.TestPlayersSyncStatus" name="test_status_ok_with_auth" time="0.055" /></testsuite></testsuites>