<?xml version="1.0" encoding="utf-8"?><testsuites name="pytest tests"><testsuite name="pytest" errors="0" failures="0" skipped="0" tests="14" time="6.636" timestamp="2026-08-07T08:01:11.764413+00:00" hostname="agent-env-1b961ee7-bc71-4e99-9746-998b20f81c31"><testcase classname="tests.test_scoreandlive_v21.TestSubmitPicksValidation" name="test_create_tournament_and_defaults" time="1.005" /><testcase classname="tests.test_scoreandlive_v21.TestSubmitPicksValidation" name="test_submit_9_picks_returns_400" time="0.221" /><testcase classname="tests.test_scoreandlive_v21.TestSubmitPicksValidation" name="test_submit_10_picks_returns_200" time="0.117" /><testcase classname="tests.test_scoreandlive_v21.TestSettleAndDynamicPicks" name="test_settle_g5_with_4_hits" time="0.218" /><testcase classname="tests.test_scoreandlive_v21.TestSettleAndDynamicPicks" name="test_g6_dynamic_expected_picks" time="0.195" /><testcase classname="tests.test_scoreandlive_v21.TestSubmitLessThanLives" name="test_g6_submit_8_ok" time="0.302" /><testcase classname="tests.test_scoreandlive_v21.TestSubmitLessThanLives" name="test_g6_submit_7_returns_400" time="0.100" /><testcase classname="tests.test_scoreandlive_v21.TestSubmitLessThanLives" name="test_g6_submit_9_returns_400" time="0.121" /><testcase classname="tests.test_scoreandlive_v21.TestCapMaxLives" name="test_create_second_tournament_and_cap" time="0.614" /><testcase classname="tests.test_scoreandlive_v21.TestElimination" name="test_eliminated_when_lives_zero" time="0.893" /><testcase classname="tests.test_scoreandlive_v21.TestFirstScorerBonus" name="test_bonus_plus3_and_cap" time="0.654" /><testcase classname="tests.test_scoreandlive_v21.TestFirstScorerBonus" name="test_bonus_cap_at_15" time="0.759" /><testcase classname="tests.test_scoreandlive_v21.TestCleanup" name="test_delete_all_created_tournaments" time="1.118" /><testcase classname="tests.test_scoreandlive_v21.TestCleanup" name="test_delete_all_created_bonus_configs" time="0.200" /></testsuite></testsuites>