<?xml version="1.0" encoding="utf-8"?><testsuites name="pytest tests"><testsuite name="pytest" errors="0" failures="0" skipped="1" tests="8" time="0.512" timestamp="2026-08-07T11:23:21.355219+00:00" hostname="agent-env-1b961ee7-bc71-4e99-9746-998b20f81c31"><testcase classname="tests.test_settle_postponement.TestExcludeEndpoint" name="test_exclude_toggle_and_propagation" time="0.261" /><testcase classname="tests.test_settle_postponement.TestExcludeEndpoint" name="test_exclude_unknown_fixture_returns_404" time="0.004" /><testcase classname="tests.test_settle_postponement.TestOrchestratorPreview" name="test_preview_postponed_matches" time="0.008" /><testcase classname="tests.test_settle_postponement.TestScorePostponement" name="test_score_life_saved" time="0.042" /><testcase classname="tests.test_settle_postponement.TestSurvivalPostponement" name="test_survival_life_saved" time="0.029" /><testcase classname="tests.test_settle_postponement.TestTiketPostponement" name="test_leaderboard_postponed_quota_1" time="0.033" /><testcase classname="tests.test_settle_postponement.TestIdempotency" name="test_exclude_idempotent" time="0.015" /><testcase classname="tests.test_settle_postponement.TestIdempotency" name="test_settle_already_closed_returns_400" time="0.004"><skipped type="pytest.skip" message="No settled sal_matchday available for idempotency check">/app/backend/tests/test_settle_postponement.py:587: No settled sal_matchday available for idempotency check</skipped></testcase></testsuite></testsuites>