<?xml version="1.0" encoding="utf-8"?><testsuites name="pytest tests"><testsuite name="pytest" errors="0" failures="0" skipped="0" tests="5" time="1.979" timestamp="2026-08-04T07:24:37.040754+00:00" hostname="agent-env-1b961ee7-bc71-4e99-9746-998b20f81c31"><testcase classname="tests.test_voti_pdf_regression.TestErrorDiagnostics" name="test_bogus_pdf_yields_diagnostic_error" time="0.479" /><testcase classname="tests.test_voti_pdf_regression.TestErrorDiagnostics" name="test_error_shape_via_mocked_parse" time="0.000" /><testcase classname="tests.test_voti_pdf_regression.TestUploadRegression" name="test_upload_persists_340_rows" time="1.012" /><testcase classname="tests.test_voti_pdf_regression.TestUploadRegression" name="test_readback_matches" time="0.028" /><testcase classname="tests.test_voti_pdf_regression.TestParserUnit" name="test_reference_pdf_returns_340_rows_md38" time="0.393" /></testsuite></testsuites>